[2026-07-22 08:01:25][FINE] Loading BlueMap v5.22 (fe5115d5548a30d34175b8e0449aaca280af199f) on paper 26.2 ...
[2026-07-22 08:01:25][INFO] Loading resources...
[2026-07-22 08:01:25][FINE] Loading resources from: bluemap/resourceExtensions.zip ...
[2026-07-22 08:01:26][FINE] Loading resources from: bluemap/minecraft-client-26.2.jar ...
[2026-07-22 08:01:26][FINE] Collecting texture-keys...
[2026-07-22 08:01:26][FINE] Found 2159 texture-keys.
[2026-07-22 08:01:26][FINE] Loading textures from: bluemap/resourceExtensions.zip ...
[2026-07-22 08:01:26][FINE] Loading textures from: bluemap/minecraft-client-26.2.jar ...
[2026-07-22 08:01:26][FINE] Baking resources...
[2026-07-22 08:01:26][INFO] Resources loaded.
[2026-07-22 08:01:26][FINE] Loading world world#minecraft:overworld ...
[2026-07-22 08:01:26][FINE] Loading datapack...
[2026-07-22 08:01:26][FINE] Loading datapack from: world/datapacks/bukkit ...
[2026-07-22 08:01:26][FINE] Loading datapack from: bluemap/resourceExtensions.zip ...
[2026-07-22 08:01:26][FINE] Loading datapack from: bluemap/minecraft-client-26.2.jar ...
[2026-07-22 08:01:26][FINE] Baking datapack...
[2026-07-22 08:01:26][FINE] Datapack loaded.
[2026-07-22 08:01:26][INFO] Initializing Storage: 'file' (Type: 'bluemap:file')
[2026-07-22 08:01:26][INFO] Loading map 'world'...
[2026-07-22 08:01:26][FINE] Loading render-state for map 'world'
[2026-07-22 08:01:26][FINE] Loading textures for map 'world'
[2026-07-22 08:01:26][FINE] Loading world world#minecraft:the_end ...
[2026-07-22 08:01:26][FINE] Loading datapack...
[2026-07-22 08:01:26][FINE] Loading datapack from: world/datapacks/bukkit ...
[2026-07-22 08:01:26][FINE] Loading datapack from: bluemap/resourceExtensions.zip ...
[2026-07-22 08:01:26][FINE] Loading datapack from: bluemap/minecraft-client-26.2.jar ...
[2026-07-22 08:01:27][FINE] Baking datapack...
[2026-07-22 08:01:27][FINE] Datapack loaded.
[2026-07-22 08:01:27][INFO] Loading map 'world_the_end'...
[2026-07-22 08:01:27][FINE] Loading render-state for map 'world_the_end'
[2026-07-22 08:01:27][FINE] Loading textures for map 'world_the_end'
[2026-07-22 08:01:27][FINE] Loading world world#minecraft:the_nether ...
[2026-07-22 08:01:27][FINE] Loading datapack...
[2026-07-22 08:01:27][FINE] Loading datapack from: world/datapacks/bukkit ...
[2026-07-22 08:01:27][FINE] Loading datapack from: bluemap/resourceExtensions.zip ...
[2026-07-22 08:01:27][FINE] Loading datapack from: bluemap/minecraft-client-26.2.jar ...
[2026-07-22 08:01:27][FINE] Baking datapack...
[2026-07-22 08:01:27][FINE] Datapack loaded.
[2026-07-22 08:01:27][INFO] Loading map 'world_the_nether'...
[2026-07-22 08:01:27][FINE] Loading render-state for map 'world_the_nether'
[2026-07-22 08:01:27][FINE] Loading textures for map 'world_the_nether'
[2026-07-22 08:01:27][INFO] WebServer bound to all network interfaces on port 8100
[2026-07-22 08:01:27][INFO] WebServer started.
[2026-07-22 08:01:27][FINE] Started watching map 'world' for updates...
[2026-07-22 08:01:27][FINE] Started watching map 'world_the_end' for updates...
[2026-07-22 08:01:27][FINE] Started watching map 'world_the_nether' for updates...
[2026-07-22 08:01:27][INFO] Loaded!
[2026-07-22 08:04:01][FINE] Scheduled update for region-file: (0, 0) (Map: world)
[2026-07-22 08:04:01][FINE] Scheduled update for region-file: (0, -1) (Map: world)
[2026-07-22 08:04:24][FINE] Scheduled update for region-file: (0, 1) (Map: world)
[2026-07-22 08:04:24][FINE] Scheduled update for region-file: (-1, 1) (Map: world)
[2026-07-22 08:04:35][FINE] Scheduled update for region-file: (-1, -1) (Map: world)
[2026-07-22 08:04:39][FINE] Scheduled update for region-file: (1, 0) (Map: world)
[2026-07-22 08:04:39][FINE] Scheduled update for region-file: (-1, 0) (Map: world)
[2026-07-22 08:05:01][FINE] Scheduled update for region-file: (0, 0) (Map: world)
[2026-07-22 08:05:01][FINE] Scheduled update for region-file: (0, -1) (Map: world)
[2026-07-22 08:05:35][FINE] Scheduled update for region-file: (-1, -1) (Map: world)
[2026-07-22 08:05:42][FINE] Scheduled update for region-file: (1, 0) (Map: world)
[2026-07-22 08:05:42][FINE] Scheduled update for region-file: (-1, 0) (Map: world)
[2026-07-22 08:06:00][FINE] Scheduled update for region-file: (1, -1) (Map: world)
[2026-07-22 08:06:01][FINE] Scheduled update for region-file: (0, 0) (Map: world)
[2026-07-22 08:06:01][FINE] Scheduled update for region-file: (0, -1) (Map: world)
[2026-07-22 08:06:35][FINE] Scheduled update for region-file: (-1, -1) (Map: world)
[2026-07-22 08:07:35][FINE] Scheduled update for region-file: (-1, -1) (Map: world)
[2026-07-22 08:08:22][FINE] Scheduled update for region-file: (0, -1) (Map: world)
[2026-07-22 08:08:23][FINE] Scheduled update for region-file: (0, 0) (Map: world)
[2026-07-22 08:08:56][FINE] Scheduled update for region-file: (-1, 0) (Map: world)
[2026-07-22 08:08:56][FINE] Scheduled update for region-file: (-1, -1) (Map: world)
[2026-07-22 08:09:26][FINE] Scheduled update for region-file: (0, 0) (Map: world)
[2026-07-22 08:09:29][FINE] Scheduled update for region-file: (0, -1) (Map: world)
[2026-07-22 08:09:56][FINE] Scheduled update for region-file: (-1, 0) (Map: world)
[2026-07-22 08:10:26][FINE] Scheduled update for region-file: (1, 0) (Map: world)
[2026-07-22 08:10:26][FINE] Scheduled update for region-file: (0, 0) (Map: world)
[2026-07-22 08:10:29][FINE] Scheduled update for region-file: (0, -1) (Map: world)
[2026-07-22 08:10:40][FINE] Scheduled update for region-file: (-1, -1) (Map: world)
[2026-07-22 08:10:51][FINE] Scheduled update for region-file: (1, -1) (Map: world)
[2026-07-22 08:11:29][FINE] Scheduled update for region-file: (0, -1) (Map: world)
[2026-07-22 08:11:40][FINE] Scheduled update for region-file: (-1, -1) (Map: world)
[2026-07-22 08:12:26][FINE] Scheduled update for region-file: (1, 0) (Map: world)
[2026-07-22 08:12:26][FINE] Scheduled update for region-file: (0, 0) (Map: world)
[2026-07-22 08:12:41][FINE] Scheduled update for region-file: (-1, -1) (Map: world)
[2026-07-22 08:12:41][FINE] Scheduled update for region-file: (0, -1) (Map: world)
[2026-07-22 08:12:41][FINE] Scheduled update for region-file: (1, -1) (Map: world)
[2026-07-22 08:13:26][FINE] Scheduled update for region-file: (0, 0) (Map: world)
[2026-07-22 08:13:41][FINE] Scheduled update for region-file: (1, -1) (Map: world)
[2026-07-22 08:13:41][FINE] Scheduled update for region-file: (0, -1) (Map: world)
[2026-07-22 08:14:02][FINE] Scheduled update for region-file: (-1, -1) (Map: world)
[2026-07-22 08:14:26][FINE] Scheduled update for region-file: (0, 0) (Map: world)
[2026-07-22 08:14:41][FINE] Scheduled update for region-file: (1, -1) (Map: world)
[2026-07-22 08:14:41][FINE] Scheduled update for region-file: (0, -1) (Map: world)
[2026-07-22 08:15:02][FINE] Scheduled update for region-file: (-1, -1) (Map: world)
[2026-07-22 08:15:39][FINE] Scheduled update for region-file: (1, 0) (Map: world)
[2026-07-22 08:15:40][FINE] Scheduled update for region-file: (0, 0) (Map: world)
[2026-07-22 08:15:41][FINE] Scheduled update for region-file: (0, -1) (Map: world)
[2026-07-22 08:15:41][FINE] Scheduled update for region-file: (1, -1) (Map: world)
[2026-07-22 08:16:02][FINE] Scheduled update for region-file: (-1, -1) (Map: world)
[2026-07-22 09:01:27][FINE] Stopped watching map 'world' for updates.
[2026-07-22 09:01:27][FINE] Stopped watching map 'world_the_end' for updates.
[2026-07-22 09:01:27][FINE] Stopped watching map 'world_the_nether' for updates.
[2026-07-22 09:01:27][FINE] Started watching map 'world' for updates...
[2026-07-22 09:01:27][FINE] Started watching map 'world_the_end' for updates...
[2026-07-22 09:01:27][FINE] Started watching map 'world_the_nether' for updates...
[2026-07-22 09:20:55][INFO] Stopping...
[2026-07-22 09:20:55][FINE] Stopped watching map 'world' for updates.
[2026-07-22 09:20:55][FINE] Stopped watching map 'world_the_end' for updates.
[2026-07-22 09:20:55][FINE] Stopped watching map 'world_the_nether' for updates.
